<?xml version="1.0" encoding="UTF-8"?>
<!-- Generated by org.testng.reporters.JUnitReportReporter -->
<testsuite hostname="Ruels-MacBook-Pro.local" name="example.NewTest" tests="1" failures="0" timestamp="24 Apr 2017 05:52:30 GMT" time="2.285" errors="0">
  <testcase name="testEasy" time="2.285" classname="example.NewTest"/>
</testsuite> <!-- example.NewTest -->
